# JRE version: OpenJDK Runtime Environment (8.0_242-b01) (build 1.8.0_242-release-1644-b01)
# Java VM: OpenJDK 64-Bit Server VM (25.242-b01 mixed mode windows-amd64 compressed oops)
Heap:
 PSYoungGen      total 215552K, used 50738K [0x00000000d5580000, 0x00000000e6400000, 0x0000000100000000)
  eden space 196096K, 17% used [0x00000000d5580000,0x00000000d7735238,0x00000000e1500000)
  from space 19456K, 83% used [0x00000000e1500000,0x00000000e24d7708,0x00000000e2800000)
  to   space 20480K, 0% used [0x00000000e5000000,0x00000000e5000000,0x00000000e6400000)
 ParOldGen       total 232448K, used 32270K [0x0000000080000000, 0x000000008e300000, 0x00000000d5580000)
  object space 232448K, 13% used [0x0000000080000000,0x0000000081f83820,0x000000008e300000)
 Metaspace       used 68709K, capacity 71196K, committed 71448K, reserved 1110016K
  class space    used 9348K, capacity 9895K, committed 10008K, reserved 1048576K
GC Heap History (10 events):
Event: 4.475 GC heap before
{Heap before GC invocations=10 (full 2):
 PSYoungGen      total 113152K, used 100864K [0x00000000d5580000, 0x00000000e1080000, 0x0000000100000000)
  eden space 100864K, 100% used [0x00000000d5580000,0x00000000db800000,0x00000000db800000)
  from space 12288K, 0% used [0x00000000db800000,0x00000000db800000,0x00000000dc400000)
  to   space 11776K, 0% used [0x00000000e0500000,0x00000000e0500000,0x00000000e1080000)
 ParOldGen       total 157696K, used 14571K [0x0000000080000000, 0x0000000089a00000, 0x00000000d5580000)
  object space 157696K, 9% used [0x0000000080000000,0x0000000080e3ad10,0x0000000089a00000)
 Metaspace       used 38868K, capacity 40058K, committed 40112K, reserved 1083392K
  class space    used 5238K, capacity 5526K, committed 5552K, reserved 1048576K
Event: 4.496 GC heap after
Heap after GC invocations=10 (full 2):
 PSYoungGen      total 161792K, used 8684K [0x00000000d5580000, 0x00000000e0d80000, 0x0000000100000000)
  eden space 153088K, 0% used [0x00000000d5580000,0x00000000d5580000,0x00000000deb00000)
  from space 8704K, 99% used [0x00000000e0500000,0x00000000e0d7b300,0x00000000e0d80000)
  to   space 11776K, 0% used [0x00000000df680000,0x00000000df680000,0x00000000e0200000)
 ParOldGen       total 157696K, used 14579K [0x0000000080000000, 0x0000000089a00000, 0x00000000d5580000)
  object space 157696K, 9% used [0x0000000080000000,0x0000000080e3cd10,0x0000000089a00000)
 Metaspace       used 38868K, capacity 40058K, committed 40112K, reserved 1083392K
  class space    used 5238K, capacity 5526K, committed 5552K, reserved 1048576K
}
Event: 6.029 GC heap before
{Heap before GC invocations=11 (full 2):
 PSYoungGen      total 161792K, used 161772K [0x00000000d5580000, 0x00000000e0d80000, 0x0000000100000000)
  eden space 153088K, 100% used [0x00000000d5580000,0x00000000deb00000,0x00000000deb00000)
  from space 8704K, 99% used [0x00000000e0500000,0x00000000e0d7b300,0x00000000e0d80000)
  to   space 11776K, 0% used [0x00000000df680000,0x00000000df680000,0x00000000e0200000)
 ParOldGen       total 157696K, used 14579K [0x0000000080000000, 0x0000000089a00000, 0x00000000d5580000)
  object space 157696K, 9% used [0x0000000080000000,0x0000000080e3cd10,0x0000000089a00000)
 Metaspace       used 51528K, capacity 53384K, committed 53552K, reserved 1095680K
  class space    used 6838K, capacity 7205K, committed 7216K, reserved 1048576K
Event: 6.050 GC heap after
Heap after GC invocations=11 (full 2):
 PSYoungGen      total 176640K, used 11756K [0x00000000d5580000, 0x00000000e3880000, 0x0000000100000000)
  eden space 164864K, 0% used [0x00000000d5580000,0x00000000d5580000,0x00000000df680000)
  from space 11776K, 99% used [0x00000000df680000,0x00000000e01fb310,0x00000000e0200000)
  to   space 16896K, 0% used [0x00000000e2800000,0x00000000e2800000,0x00000000e3880000)
 ParOldGen       total 157696K, used 24673K [0x0000000080000000, 0x0000000089a00000, 0x00000000d5580000)
  object space 157696K, 15% used [0x0000000080000000,0x0000000081818730,0x0000000089a00000)
 Metaspace       used 51528K, capacity 53384K, committed 53552K, reserved 1095680K
  class space    used 6838K, capacity 7205K, committed 7216K, reserved 1048576K
}
Event: 6.544 GC heap before
{Heap before GC invocations=12 (full 2):
 PSYoungGen      total 176640K, used 66154K [0x00000000d5580000, 0x00000000e3880000, 0x0000000100000000)
  eden space 164864K, 32% used [0x00000000d5580000,0x00000000d8a9f6b0,0x00000000df680000)
  from space 11776K, 99% used [0x00000000df680000,0x00000000e01fb310,0x00000000e0200000)
  to   space 16896K, 0% used [0x00000000e2800000,0x00000000e2800000,0x00000000e3880000)
 ParOldGen       total 157696K, used 24673K [0x0000000080000000, 0x0000000089a00000, 0x00000000d5580000)
  object space 157696K, 15% used [0x0000000080000000,0x0000000081818730,0x0000000089a00000)
 Metaspace       used 56900K, capacity 59066K, committed 59160K, reserved 1099776K
  class space    used 7629K, capacity 8127K, committed 8216K, reserved 1048576K
Event: 6.553 GC heap after
Heap after GC invocations=12 (full 2):
 PSYoungGen      total 212992K, used 16880K [0x00000000d5580000, 0x00000000e4d00000, 0x0000000100000000)
  eden space 196096K, 0% used [0x00000000d5580000,0x00000000d5580000,0x00000000e1500000)
  from space 16896K, 99% used [0x00000000e2800000,0x00000000e387c398,0x00000000e3880000)
  to   space 19456K, 0% used [0x00000000e1500000,0x00000000e1500000,0x00000000e2800000)
 ParOldGen       total 157696K, used 26494K [0x0000000080000000, 0x0000000089a00000, 0x00000000d5580000)
  object space 157696K, 16% used [0x0000000080000000,0x00000000819dfb18,0x0000000089a00000)
 Metaspace       used 56900K, capacity 59066K, committed 59160K, reserved 1099776K
  class space    used 7629K, capacity 8127K, committed 8216K, reserved 1048576K
}
Event: 6.554 GC heap before
{Heap before GC invocations=13 (full 3):
 PSYoungGen      total 212992K, used 16880K [0x00000000d5580000, 0x00000000e4d00000, 0x0000000100000000)
  eden space 196096K, 0% used [0x00000000d5580000,0x00000000d5580000,0x00000000e1500000)
  from space 16896K, 99% used [0x00000000e2800000,0x00000000e387c398,0x00000000e3880000)
  to   space 19456K, 0% used [0x00000000e1500000,0x00000000e1500000,0x00000000e2800000)
 ParOldGen       total 157696K, used 26494K [0x0000000080000000, 0x0000000089a00000, 0x00000000d5580000)
  object space 157696K, 16% used [0x0000000080000000,0x00000000819dfb18,0x0000000089a00000)
 Metaspace       used 56900K, capacity 59066K, committed 59160K, reserved 1099776K
  class space    used 7629K, capacity 8127K, committed 8216K, reserved 1048576K
Event: 6.718 GC heap after
Heap after GC invocations=13 (full 3):
 PSYoungGen      total 212992K, used 0K [0x00000000d5580000, 0x00000000e4d00000, 0x0000000100000000)
  eden space 196096K, 0% used [0x00000000d5580000,0x00000000d5580000,0x00000000e1500000)
  from space 16896K, 0% used [0x00000000e2800000,0x00000000e2800000,0x00000000e3880000)
  to   space 19456K, 0% used [0x00000000e1500000,0x00000000e1500000,0x00000000e2800000)
 ParOldGen       total 232448K, used 32262K [0x0000000080000000, 0x000000008e300000, 0x00000000d5580000)
  object space 232448K, 13% used [0x0000000080000000,0x0000000081f81820,0x000000008e300000)
 Metaspace       used 56831K, capacity 58858K, committed 59160K, reserved 1099776K
  class space    used 7611K, capacity 8099K, committed 8216K, reserved 1048576K
}
Event: 8.288 GC heap before
{Heap before GC invocations=14 (full 3):
 PSYoungGen      total 212992K, used 196096K [0x00000000d5580000, 0x00000000e4d00000, 0x0000000100000000)
  eden space 196096K, 100% used [0x00000000d5580000,0x00000000e1500000,0x00000000e1500000)
  from space 16896K, 0% used [0x00000000e2800000,0x00000000e2800000,0x00000000e3880000)
  to   space 19456K, 0% used [0x00000000e1500000,0x00000000e1500000,0x00000000e2800000)
 ParOldGen       total 232448K, used 32262K [0x0000000080000000, 0x000000008e300000, 0x00000000d5580000)
  object space 232448K, 13% used [0x0000000080000000,0x0000000081f81820,0x000000008e300000)
 Metaspace       used 67589K, capacity 70006K, committed 70168K, reserved 1110016K
  class space    used 9221K, capacity 9732K, committed 9752K, reserved 1048576K
Event: 8.300 GC heap after
Heap after GC invocations=14 (full 3):
 PSYoungGen      total 215552K, used 16221K [0x00000000d5580000, 0x00000000e6400000, 0x0000000100000000)
  eden space 196096K, 0% used [0x00000000d5580000,0x00000000d5580000,0x00000000e1500000)
  from space 19456K, 83% used [0x00000000e1500000,0x00000000e24d7708,0x00000000e2800000)
  to   space 20480K, 0% used [0x00000000e5000000,0x00000000e5000000,0x00000000e6400000)
 ParOldGen       total 232448K, used 32270K [0x0000000080000000, 0x000000008e300000, 0x00000000d5580000)
  object space 232448K, 13% used [0x0000000080000000,0x0000000081f83820,0x000000008e300000)
 Metaspace       used 67589K, capacity 70006K, committed 70168K, reserved 1110016K
  class space    used 9221K, capacity 9732K, committed 9752K, reserved 1048576K
}

